<?xml version="1.0" encoding="UTF-8"?>
<!-- Generated by org.testng.reporters.JUnitReportReporter -->
<testsuite hostname="LAPTOP-SV4G8187" failures="0" tests="3" name="API_Endpoints.postReq" time="3.355" errors="0" timestamp="2023-09-01T23:53:34 IST" skipped="1">
  <testcase classname="API_Endpoints.postReq" name="getRequest" time="2.384"/>
  <system-out/>
  <testcase classname="API_Endpoints.postReq" name="post2" time="0.971"/>
  <system-out/>
  <testcase classname="API_Endpoints.postReq" name="postRequest">
    <skipped/>
  </testcase> <!-- postRequest -->
  <system-out/>
</testsuite> <!-- API_Endpoints.postReq -->
